  CameraMatrix.h
  Input.cpp
E:\Fakultet\2. Godina\CS233\CS233-Projekat\IncrementalFactory\Input.cpp(18,24): warning C4244: '=': conversion from 'int' to 'T', possible loss of data
E:\Fakultet\2. Godina\CS233\CS233-Projekat\IncrementalFactory\Input.cpp(18,24): warning C4244:         with
E:\Fakultet\2. Godina\CS233\CS233-Projekat\IncrementalFactory\Input.cpp(18,24): warning C4244:         [
E:\Fakultet\2. Godina\CS233\CS233-Projekat\IncrementalFactory\Input.cpp(18,24): warning C4244:             T=float
E:\Fakultet\2. Godina\CS233\CS233-Projekat\IncrementalFactory\Input.cpp(18,24): warning C4244:         ]
E:\Fakultet\2. Godina\CS233\CS233-Projekat\IncrementalFactory\Input.cpp(19,24): warning C4244: '=': conversion from 'int' to 'T', possible loss of data
E:\Fakultet\2. Godina\CS233\CS233-Projekat\IncrementalFactory\Input.cpp(19,24): warning C4244:         with
E:\Fakultet\2. Godina\CS233\CS233-Projekat\IncrementalFactory\Input.cpp(19,24): warning C4244:         [
E:\Fakultet\2. Godina\CS233\CS233-Projekat\IncrementalFactory\Input.cpp(19,24): warning C4244:             T=float
E:\Fakultet\2. Godina\CS233\CS233-Projekat\IncrementalFactory\Input.cpp(19,24): warning C4244:         ]
  Player.cpp
E:\Fakultet\2. Godina\CS233\CS233-Projekat\IncrementalFactory\Time.h(4,14): warning C4091: 'static ': ignored on left of 'Time' when no variable is declared
  (compiling source file 'Player.cpp')
  
E:\Fakultet\2. Godina\CS233\CS233-Projekat\IncrementalFactory\Player.cpp(28,44): warning C4244: '=': conversion from 'int' to 'T', possible loss of data
E:\Fakultet\2. Godina\CS233\CS233-Projekat\IncrementalFactory\Player.cpp(28,44): warning C4244:         with
E:\Fakultet\2. Godina\CS233\CS233-Projekat\IncrementalFactory\Player.cpp(28,44): warning C4244:         [
E:\Fakultet\2. Godina\CS233\CS233-Projekat\IncrementalFactory\Player.cpp(28,44): warning C4244:             T=float
E:\Fakultet\2. Godina\CS233\CS233-Projekat\IncrementalFactory\Player.cpp(28,44): warning C4244:         ]
E:\Fakultet\2. Godina\CS233\CS233-Projekat\IncrementalFactory\Player.cpp(31,44): warning C4244: '=': conversion from 'int' to 'T', possible loss of data
E:\Fakultet\2. Godina\CS233\CS233-Projekat\IncrementalFactory\Player.cpp(31,44): warning C4244:         with
E:\Fakultet\2. Godina\CS233\CS233-Projekat\IncrementalFactory\Player.cpp(31,44): warning C4244:         [
E:\Fakultet\2. Godina\CS233\CS233-Projekat\IncrementalFactory\Player.cpp(31,44): warning C4244:             T=float
E:\Fakultet\2. Godina\CS233\CS233-Projekat\IncrementalFactory\Player.cpp(31,44): warning C4244:         ]
  Generating Code...
  IncrementalFactory.vcxproj -> E:\Fakultet\2. Godina\CS233\CS233-Projekat\Debug\IncrementalFactory.exe
