  GameObject.cpp
C:\Program Files\Microsoft Visual Studio\2022\Community\VC\Tools\MSVC\14.44.35207\include\filesystem(12): warning STL4038: The contents of <filesystem> are available only with C++17 or later.
  Source.cpp
C:\Program Files\Microsoft Visual Studio\2022\Community\VC\Tools\MSVC\14.44.35207\include\filesystem(12): warning STL4038: The contents of <filesystem> are available only with C++17 or later.
E:\Fakultet\2. Godina\CS233\CS233-Projekat\p1_3dModels\Source.cpp(48,21): warning C4244: 'initializing': conversion from 'int' to 'float', possible loss of data
E:\Fakultet\2. Godina\CS233\CS233-Projekat\p1_3dModels\Source.cpp(59,47): warning C4244: 'argument': conversion from 'T' to 'int', possible loss of data
E:\Fakultet\2. Godina\CS233\CS233-Projekat\p1_3dModels\Source.cpp(59,47): warning C4244:         with
E:\Fakultet\2. Godina\CS233\CS233-Projekat\p1_3dModels\Source.cpp(59,47): warning C4244:         [
E:\Fakultet\2. Godina\CS233\CS233-Projekat\p1_3dModels\Source.cpp(59,47): warning C4244:             T=float
E:\Fakultet\2. Godina\CS233\CS233-Projekat\p1_3dModels\Source.cpp(59,47): warning C4244:         ]
E:\Fakultet\2. Godina\CS233\CS233-Projekat\p1_3dModels\Source.cpp(59,32): warning C4244: 'argument': conversion from 'T' to 'int', possible loss of data
E:\Fakultet\2. Godina\CS233\CS233-Projekat\p1_3dModels\Source.cpp(59,32): warning C4244:         with
E:\Fakultet\2. Godina\CS233\CS233-Projekat\p1_3dModels\Source.cpp(59,32): warning C4244:         [
E:\Fakultet\2. Godina\CS233\CS233-Projekat\p1_3dModels\Source.cpp(59,32): warning C4244:             T=float
E:\Fakultet\2. Godina\CS233\CS233-Projekat\p1_3dModels\Source.cpp(59,32): warning C4244:         ]
E:\Fakultet\2. Godina\CS233\CS233-Projekat\p1_3dModels\Source.cpp(60,59): warning C4244: 'argument': conversion from 'T' to 'int', possible loss of data
E:\Fakultet\2. Godina\CS233\CS233-Projekat\p1_3dModels\Source.cpp(60,59): warning C4244:         with
E:\Fakultet\2. Godina\CS233\CS233-Projekat\p1_3dModels\Source.cpp(60,59): warning C4244:         [
E:\Fakultet\2. Godina\CS233\CS233-Projekat\p1_3dModels\Source.cpp(60,59): warning C4244:             T=float
E:\Fakultet\2. Godina\CS233\CS233-Projekat\p1_3dModels\Source.cpp(60,59): warning C4244:         ]
E:\Fakultet\2. Godina\CS233\CS233-Projekat\p1_3dModels\Source.cpp(60,40): warning C4244: 'argument': conversion from 'T' to 'int', possible loss of data
E:\Fakultet\2. Godina\CS233\CS233-Projekat\p1_3dModels\Source.cpp(60,40): warning C4244:         with
E:\Fakultet\2. Godina\CS233\CS233-Projekat\p1_3dModels\Source.cpp(60,40): warning C4244:         [
E:\Fakultet\2. Godina\CS233\CS233-Projekat\p1_3dModels\Source.cpp(60,40): warning C4244:             T=float
E:\Fakultet\2. Godina\CS233\CS233-Projekat\p1_3dModels\Source.cpp(60,40): warning C4244:         ]
  Generating Code...
LINK : warning LNK4098: defaultlib 'MSVCRT' conflicts with use of other libs; use /NODEFAULTLIB:library
soil2.lib(SOIL2.obj) : warning LNK4099: PDB 'soil2.pdb' was not found with 'soil2.lib(SOIL2.obj)' or at 'E:\Fakultet\2. Godina\CS233\CS233-Projekat\Debug\soil2.pdb'; linking object as if no debug info
soil2.lib(image_DXT.obj) : warning LNK4099: PDB 'soil2.pdb' was not found with 'soil2.lib(image_DXT.obj)' or at 'E:\Fakultet\2. Godina\CS233\CS233-Projekat\Debug\soil2.pdb'; linking object as if no debug info
soil2.lib(image_helper.obj) : warning LNK4099: PDB 'soil2.pdb' was not found with 'soil2.lib(image_helper.obj)' or at 'E:\Fakultet\2. Godina\CS233\CS233-Projekat\Debug\soil2.pdb'; linking object as if no debug info
soil2.lib(wfETC.obj) : warning LNK4099: PDB 'soil2.pdb' was not found with 'soil2.lib(wfETC.obj)' or at 'E:\Fakultet\2. Godina\CS233\CS233-Projekat\Debug\soil2.pdb'; linking object as if no debug info
  p1_3dModels.vcxproj -> E:\Fakultet\2. Godina\CS233\CS233-Projekat\Debug\IncrementalFactory.exe
